c:\users\pc\documents\github\accuracyfn-src-leak-with-out-the-menu\accuracyfn\x64\release\vc142.pdb
c:\users\pc\documents\github\accuracyfn-src-leak-with-out-the-menu\accuracyfn\x64\release\util.obj
c:\users\pc\documents\github\accuracyfn-src-leak-with-out-the-menu\accuracyfn\x64\release\settings.obj
c:\users\pc\documents\github\accuracyfn-src-leak-with-out-the-menu\accuracyfn\x64\release\renderer.obj
c:\users\pc\documents\github\accuracyfn-src-leak-with-out-the-menu\accuracyfn\x64\release\offsets.obj
c:\users\pc\documents\github\accuracyfn-src-leak-with-out-the-menu\accuracyfn\x64\release\imgui_impl_dx11.obj
c:\users\pc\documents\github\accuracyfn-src-leak-with-out-the-menu\accuracyfn\x64\release\imgui_draw.obj
c:\users\pc\documents\github\accuracyfn-src-leak-with-out-the-menu\accuracyfn\x64\release\imgui.obj
c:\users\pc\documents\github\accuracyfn-src-leak-with-out-the-menu\accuracyfn\x64\release\dllmain.obj
c:\users\pc\documents\github\accuracyfn-src-leak-with-out-the-menu\accuracyfn\x64\release\hooks.obj
c:\users\pc\documents\github\accuracyfn-src-leak-with-out-the-menu\accuracyfn\x64\release\accuracyfnsrcleak.lib
c:\users\pc\documents\github\accuracyfn-src-leak-with-out-the-menu\accuracyfn\x64\release\accuracyfnsrcleak.exp
c:\users\pc\documents\github\accuracyfn-src-leak-with-out-the-menu\accuracyfn\x64\release\accuracyfnsrcleak.ipdb
c:\users\pc\documents\github\accuracyfn-src-leak-with-out-the-menu\accuracyfn\x64\release\accuracyfnsrcleak.iobj
c:\users\pc\documents\github\accuracyfn-src-leak-with-out-the-menu\accuracyfn\x64\release\accuracyfnsrcleak.dll
c:\users\pc\documents\github\accuracyfn-src-leak-with-out-the-menu\accuracyfn\x64\release\retspoof.obj
c:\users\pc\documents\github\accuracyfn-src-leak-with-out-the-menu\accuracyfn\x64\release\fortnite.tlog\cl.command.1.tlog
c:\users\pc\documents\github\accuracyfn-src-leak-with-out-the-menu\accuracyfn\x64\release\fortnite.tlog\cl.read.1.tlog
c:\users\pc\documents\github\accuracyfn-src-leak-with-out-the-menu\accuracyfn\x64\release\fortnite.tlog\cl.write.1.tlog
c:\users\pc\documents\github\accuracyfn-src-leak-with-out-the-menu\accuracyfn\x64\release\fortnite.tlog\fortnite.write.1u.tlog
c:\users\pc\documents\github\accuracyfn-src-leak-with-out-the-menu\accuracyfn\x64\release\fortnite.tlog\link.command.1.tlog
c:\users\pc\documents\github\accuracyfn-src-leak-with-out-the-menu\accuracyfn\x64\release\fortnite.tlog\link.read.1.tlog
c:\users\pc\documents\github\accuracyfn-src-leak-with-out-the-menu\accuracyfn\x64\release\fortnite.tlog\link.write.1.tlog
c:\users\pc\documents\github\accuracyfn-src-leak-with-out-the-menu\accuracyfn\x64\release\fortnite.tlog\masm.read.1u.tlog
c:\users\pc\documents\github\accuracyfn-src-leak-with-out-the-menu\accuracyfn\x64\release\fortnite.tlog\masm.write.1u.tlog
